<?xml version="1.0" encoding="utf-8"?><testsuites name="pytest tests"><testsuite name="pytest" errors="0" failures="3" skipped="0" tests="26" time="5.469" timestamp="2026-07-02T12:10:14.016886+00:00" hostname="agent-env-341d7a2f-5f4d-44ed-9982-65a46f431c74"><testcase classname="tests.test_officebites.TestAuth" name="test_admin_login" time="0.498" /><testcase classname="tests.test_officebites.TestAuth" name="test_cook_login" time="0.301" /><testcase classname="tests.test_officebites.TestAuth" name="test_emp_login" time="0.438" /><testcase classname="tests.test_officebites.TestAuth" name="test_bad_password" time="0.348" /><testcase classname="tests.test_officebites.TestMenu" name="test_menu_list" time="0.409" /><testcase classname="tests.test_officebites.TestOrders" name="test_create_order" time="0.168"><failure message="AssertionError: {&quot;detail&quot;:&quot;Fruit Bowl is unavailable&quot;}&#10;assert 400 == 200&#10; +  where 400 = &lt;Response [400]&gt;.status_code">tests/test_officebites.py:94: in test_create_order
    assert r.status_code == 200, r.text
E   AssertionError: {"detail":"Fruit Bowl is unavailable"}
E   assert 400 == 200
E    +  where 400 = &lt;Response [400]&gt;.status_code</failure></testcase><testcase classname="tests.test_officebites.TestOrders" name="test_list_mine" time="0.107"><failure message="assert False&#10; +  where False = any(&lt;generator object TestOrders.test_list_mine.&lt;locals&gt;.&lt;genexpr&gt; at 0xfa6c3278c520&gt;)">tests/test_officebites.py:105: in test_list_mine
    assert any(o["id"] == TestOrders.order_id for o in orders)
E   assert False
E    +  where False = any(&lt;generator object TestOrders.test_list_mine.&lt;locals&gt;.&lt;genexpr&gt; at 0xfa6c3278c520&gt;)</failure></testcase><testcase classname="tests.test_officebites.TestOrders" name="test_cook_advance_status" time="0.352"><failure message="assert None&#10; +  where None = TestOrders.order_id">tests/test_officebites.py:108: in test_cook_advance_status
    assert TestOrders.order_id
E   assert None
E    +  where None = TestOrders.order_id</failure></testcase><testcase classname="tests.test_officebites.TestOrders" name="test_notifications_received" time="0.084" /><testcase classname="tests.test_officebites.TestAuthz" name="test_emp_cannot_create_update" time="0.100" /><testcase classname="tests.test_officebites.TestAuthz" name="test_emp_cannot_create_poll" time="0.099" /><testcase classname="tests.test_officebites.TestAuthz" name="test_emp_cannot_create_menu" time="0.096" /><testcase classname="tests.test_officebites.TestAuthz" name="test_emp_cannot_create_user" time="0.076" /><testcase classname="tests.test_officebites.TestUpdates" name="test_admin_create" time="0.411" /><testcase classname="tests.test_officebites.TestUpdates" name="test_list_pinned_first" time="0.284" /><testcase classname="tests.test_officebites.TestUpdates" name="test_toggle_pinned" time="0.071" /><testcase classname="tests.test_officebites.TestUpdates" name="test_delete_update" time="0.077" /><testcase classname="tests.test_officebites.TestPolls" name="test_admin_create_lunch" time="0.342" /><testcase classname="tests.test_officebites.TestPolls" name="test_duplicate_same_kind_date_rejected" time="0.073" /><testcase classname="tests.test_officebites.TestPolls" name="test_polls_today_initial_null" time="0.093" /><testcase classname="tests.test_officebites.TestPolls" name="test_vote_yes_then_change_to_no" time="0.417" /><testcase classname="tests.test_officebites.TestPolls" name="test_responses_include_names" time="0.084" /><testcase classname="tests.test_officebites.TestPolls" name="test_cleanup" time="0.085" /><testcase classname="tests.test_officebites.TestAnalytics" name="test_summary" time="0.115" /><testcase classname="tests.test_officebites.TestAnalytics" name="test_polls_analytics" time="0.076" /><testcase classname="tests.test_officebites.TestAnalytics" name="test_export_csv" time="0.099" /></testsuite></testsuites>